Copyright 1986-2022 Xilinx, Inc. All Rights Reserved. Copyright 2022-2023 Advanced Micro Devices, Inc. All Rights Reserved.
---------------------------------------------------------------------------------------------------------------------------------------------------------------------------------------------------------------------
| Tool Version : Vivado v.2023.2 (win64) Build 4029153 Fri Oct 13 20:14:34 MDT 2023
| Date         : Mon Oct 14 16:38:50 2024
| Host         : COMSYS01 running 64-bit major release  (build 9200)
| Command      : report_timing_summary -max_paths 10 -report_unconstrained -file my_cnt32_timing_summary_routed.rpt -pb my_cnt32_timing_summary_routed.pb -rpx my_cnt32_timing_summary_routed.rpx -warn_on_violation
| Design       : my_cnt32
| Device       : 7z007s-clg400
| Speed File   : -1  PRODUCTION 1.12 2019-11-22
| Design State : Routed
---------------------------------------------------------------------------------------------------------------------------------------------------------------------------------------------------------------------

Timing Summary Report

------------------------------------------------------------------------------------------------
| Timer Settings
| --------------
------------------------------------------------------------------------------------------------

  Enable Multi Corner Analysis               :  Yes
  Enable Pessimism Removal                   :  Yes
  Pessimism Removal Resolution               :  Nearest Common Node
  Enable Input Delay Default Clock           :  No
  Enable Preset / Clear Arcs                 :  No
  Disable Flight Delays                      :  No
  Ignore I/O Paths                           :  No
  Timing Early Launch at Borrowing Latches   :  No
  Borrow Time for Max Delay Exceptions       :  Yes
  Merge Timing Exceptions                    :  Yes
  Inter-SLR Compensation                     :  Conservative

  Corner  Analyze    Analyze    
  Name    Max Paths  Min Paths  
  ------  ---------  ---------  
  Slow    Yes        Yes        
  Fast    Yes        Yes        


------------------------------------------------------------------------------------------------
| Report Methodology
| ------------------
------------------------------------------------------------------------------------------------

Rule       Severity          Description                  Violations  
---------  ----------------  ---------------------------  ----------  
TIMING-17  Critical Warning  Non-clocked sequential cell  32          

Note: This report is based on the most recent report_methodology run and may not be up-to-date. Run report_methodology on the current design for the latest report.



check_timing report

Table of Contents
-----------------
1. checking no_clock (32)
2. checking constant_clock (0)
3. checking pulse_width_clock (0)
4. checking unconstrained_internal_endpoints (64)
5. checking no_input_delay (2)
6. checking no_output_delay (8)
7. checking multiple_clock (0)
8. checking generated_clocks (0)
9. checking loops (0)
10. checking partial_input_delay (0)
11. checking partial_output_delay (0)
12. checking latch_loops (0)

1. checking no_clock (32)
-------------------------
 There are 32 register/latch pins with no clock driven by root clock pin: CLK (HIGH)


2. checking constant_clock (0)
------------------------------
 There are 0 register/latch pins with constant_clock.


3. checking pulse_width_clock (0)
---------------------------------
 There are 0 register/latch pins which need pulse_width check


4. checking unconstrained_internal_endpoints (64)
-------------------------------------------------
 There are 64 pins that are not constrained for maximum delay. (HIGH)

 There are 0 pins that are not constrained for maximum delay due to constant clock.


5. checking no_input_delay (2)
------------------------------
 There are 2 input ports with no input delay specified. (HIGH)

 There are 0 input ports with no input delay but user has a false path constraint.


6. checking no_output_delay (8)
-------------------------------
 There are 8 ports with no output delay specified. (HIGH)

 There are 0 ports with no output delay but user has a false path constraint

 There are 0 ports with no output delay but with a timing clock defined on it or propagating through it


7. checking multiple_clock (0)
------------------------------
 There are 0 register/latch pins with multiple clocks.


8. checking generated_clocks (0)
--------------------------------
 There are 0 generated clocks that are not connected to a clock source.


9. checking loops (0)
---------------------
 There are 0 combinational loops in the design.


10. checking partial_input_delay (0)
------------------------------------
 There are 0 input ports with partial input delay specified.


11. checking partial_output_delay (0)
-------------------------------------
 There are 0 ports with partial output delay specified.


12. checking latch_loops (0)
----------------------------
 There are 0 combinational latch loops in the design through latch input



------------------------------------------------------------------------------------------------
| Design Timing Summary
| ---------------------
------------------------------------------------------------------------------------------------

    WNS(ns)      TNS(ns)  TNS Failing Endpoints  TNS Total Endpoints      WHS(ns)      THS(ns)  THS Failing Endpoints  THS Total Endpoints     WPWS(ns)     TPWS(ns)  TPWS Failing Endpoints  TPWS Total Endpoints  
    -------      -------  ---------------------  -------------------      -------      -------  ---------------------  -------------------     --------     --------  ----------------------  --------------------  
        inf        0.000                      0                   72          inf        0.000                      0                   72           NA           NA                      NA                    NA  


There are no user specified timing constraints.


------------------------------------------------------------------------------------------------
| Clock Summary
| -------------
------------------------------------------------------------------------------------------------


------------------------------------------------------------------------------------------------
| Intra Clock Table
| -----------------
------------------------------------------------------------------------------------------------

Clock             WNS(ns)      TNS(ns)  TNS Failing Endpoints  TNS Total Endpoints      WHS(ns)      THS(ns)  THS Failing Endpoints  THS Total Endpoints     WPWS(ns)     TPWS(ns)  TPWS Failing Endpoints  TPWS Total Endpoints  
-----             -------      -------  ---------------------  -------------------      -------      -------  ---------------------  -------------------     --------     --------  ----------------------  --------------------  


------------------------------------------------------------------------------------------------
| Inter Clock Table
| -----------------
------------------------------------------------------------------------------------------------

From Clock    To Clock          WNS(ns)      TNS(ns)  TNS Failing Endpoints  TNS Total Endpoints      WHS(ns)      THS(ns)  THS Failing Endpoints  THS Total Endpoints  
----------    --------          -------      -------  ---------------------  -------------------      -------      -------  ---------------------  -------------------  


------------------------------------------------------------------------------------------------
| Other Path Groups Table
| -----------------------
------------------------------------------------------------------------------------------------

Path Group    From Clock    To Clock          WNS(ns)      TNS(ns)  TNS Failing Endpoints  TNS Total Endpoints      WHS(ns)      THS(ns)  THS Failing Endpoints  THS Total Endpoints  
----------    ----------    --------          -------      -------  ---------------------  -------------------      -------      -------  ---------------------  -------------------  


------------------------------------------------------------------------------------------------
| User Ignored Path Table
| -----------------------
------------------------------------------------------------------------------------------------

Path Group    From Clock    To Clock    
----------    ----------    --------    


------------------------------------------------------------------------------------------------
| Unconstrained Path Table
| ------------------------
------------------------------------------------------------------------------------------------

Path Group    From Clock    To Clock    
----------    ----------    --------    
(none)                                    


------------------------------------------------------------------------------------------------
| Timing Details
| --------------
------------------------------------------------------------------------------------------------


--------------------------------------------------------------------------------------
Path Group:  (none)
From Clock:  
  To Clock:  

Max Delay            72 Endpoints
Min Delay            72 Endpoints
--------------------------------------------------------------------------------------


Max Delay Paths
--------------------------------------------------------------------------------------
Slack:                    inf
  Source:                 CNT_reg[26]/C
                            (rising edge-triggered cell FDRE)
  Destination:            LED[2]
                            (output port)
  Path Group:             (none)
  Path Type:              Max at Slow Process Corner
  Data Path Delay:        6.591ns  (logic 4.076ns (61.838%)  route 2.515ns (38.162%))
  Logic Levels:           2  (FDRE=1 OBUF=1)

    Location             Delay type                Incr(ns)  Path(ns)    Netlist Resource(s)
  -------------------------------------------------------------------    -------------------
    SLICE_X43Y23         FDRE                         0.000     0.000 r  CNT_reg[26]/C
    SLICE_X43Y23         FDRE (Prop_fdre_C_Q)         0.456     0.456 r  CNT_reg[26]/Q
                         net (fo=3, routed)           2.515     2.971    LED_OBUF[2]
    T11                  OBUF (Prop_obuf_I_O)         3.620     6.591 r  LED_OBUF[2]_inst/O
                         net (fo=0)                   0.000     6.591    LED[2]
    T11                                                               r  LED[2] (OUT)
  -------------------------------------------------------------------    -------------------

Slack:                    inf
  Source:                 CNT_reg[27]/C
                            (rising edge-triggered cell FDRE)
  Destination:            LED[3]
                            (output port)
  Path Group:             (none)
  Path Type:              Max at Slow Process Corner
  Data Path Delay:        6.581ns  (logic 4.068ns (61.813%)  route 2.513ns (38.187%))
  Logic Levels:           2  (FDRE=1 OBUF=1)

    Location             Delay type                Incr(ns)  Path(ns)    Netlist Resource(s)
  -------------------------------------------------------------------    -------------------
    SLICE_X43Y23         FDRE                         0.000     0.000 r  CNT_reg[27]/C
    SLICE_X43Y23         FDRE (Prop_fdre_C_Q)         0.456     0.456 r  CNT_reg[27]/Q
                         net (fo=3, routed)           2.513     2.969    LED_OBUF[3]
    T10                  OBUF (Prop_obuf_I_O)         3.612     6.581 r  LED_OBUF[3]_inst/O
                         net (fo=0)                   0.000     6.581    LED[3]
    T10                                                               r  LED[3] (OUT)
  -------------------------------------------------------------------    -------------------

Slack:                    inf
  Source:                 CNT_reg[30]/C
                            (rising edge-triggered cell FDRE)
  Destination:            LED[6]
                            (output port)
  Path Group:             (none)
  Path Type:              Max at Slow Process Corner
  Data Path Delay:        6.357ns  (logic 4.043ns (63.605%)  route 2.314ns (36.395%))
  Logic Levels:           2  (FDRE=1 OBUF=1)

    Location             Delay type                Incr(ns)  Path(ns)    Netlist Resource(s)
  -------------------------------------------------------------------    -------------------
    SLICE_X43Y24         FDRE                         0.000     0.000 r  CNT_reg[30]/C
    SLICE_X43Y24         FDRE (Prop_fdre_C_Q)         0.456     0.456 r  CNT_reg[30]/Q
                         net (fo=3, routed)           2.314     2.770    LED_OBUF[6]
    V12                  OBUF (Prop_obuf_I_O)         3.587     6.357 r  LED_OBUF[6]_inst/O
                         net (fo=0)                   0.000     6.357    LED[6]
    V12                                                               r  LED[6] (OUT)
  -------------------------------------------------------------------    -------------------

Slack:                    inf
  Source:                 CNT_reg[31]/C
                            (rising edge-triggered cell FDRE)
  Destination:            LED[7]
                            (output port)
  Path Group:             (none)
  Path Type:              Max at Slow Process Corner
  Data Path Delay:        6.354ns  (logic 4.050ns (63.743%)  route 2.304ns (36.257%))
  Logic Levels:           2  (FDRE=1 OBUF=1)

    Location             Delay type                Incr(ns)  Path(ns)    Netlist Resource(s)
  -------------------------------------------------------------------    -------------------
    SLICE_X43Y24         FDRE                         0.000     0.000 r  CNT_reg[31]/C
    SLICE_X43Y24         FDRE (Prop_fdre_C_Q)         0.456     0.456 r  CNT_reg[31]/Q
                         net (fo=2, routed)           2.304     2.760    LED_OBUF[7]
    W13                  OBUF (Prop_obuf_I_O)         3.594     6.354 r  LED_OBUF[7]_inst/O
                         net (fo=0)                   0.000     6.354    LED[7]
    W13                                                               r  LED[7] (OUT)
  -------------------------------------------------------------------    -------------------

Slack:                    inf
  Source:                 CNT_reg[25]/C
                            (rising edge-triggered cell FDRE)
  Destination:            LED[1]
                            (output port)
  Path Group:             (none)
  Path Type:              Max at Slow Process Corner
  Data Path Delay:        6.208ns  (logic 4.096ns (65.978%)  route 2.112ns (34.022%))
  Logic Levels:           2  (FDRE=1 OBUF=1)

    Location             Delay type                Incr(ns)  Path(ns)    Netlist Resource(s)
  -------------------------------------------------------------------    -------------------
    SLICE_X43Y23         FDRE                         0.000     0.000 r  CNT_reg[25]/C
    SLICE_X43Y23         FDRE (Prop_fdre_C_Q)         0.456     0.456 r  CNT_reg[25]/Q
                         net (fo=3, routed)           2.112     2.568    LED_OBUF[1]
    Y14                  OBUF (Prop_obuf_I_O)         3.640     6.208 r  LED_OBUF[1]_inst/O
                         net (fo=0)                   0.000     6.208    LED[1]
    Y14                                                               r  LED[1] (OUT)
  -------------------------------------------------------------------    -------------------

Slack:                    inf
  Source:                 CNT_reg[24]/C
                            (rising edge-triggered cell FDRE)
  Destination:            LED[0]
                            (output port)
  Path Group:             (none)
  Path Type:              Max at Slow Process Corner
  Data Path Delay:        6.206ns  (logic 4.094ns (65.963%)  route 2.112ns (34.037%))
  Logic Levels:           2  (FDRE=1 OBUF=1)

    Location             Delay type                Incr(ns)  Path(ns)    Netlist Resource(s)
  -------------------------------------------------------------------    -------------------
    SLICE_X43Y23         FDRE                         0.000     0.000 r  CNT_reg[24]/C
    SLICE_X43Y23         FDRE (Prop_fdre_C_Q)         0.456     0.456 r  CNT_reg[24]/Q
                         net (fo=3, routed)           2.112     2.568    LED_OBUF[0]
    W14                  OBUF (Prop_obuf_I_O)         3.638     6.206 r  LED_OBUF[0]_inst/O
                         net (fo=0)                   0.000     6.206    LED[0]
    W14                                                               r  LED[0] (OUT)
  -------------------------------------------------------------------    -------------------

Slack:                    inf
  Source:                 CNT_reg[29]/C
                            (rising edge-triggered cell FDRE)
  Destination:            LED[5]
                            (output port)
  Path Group:             (none)
  Path Type:              Max at Slow Process Corner
  Data Path Delay:        5.928ns  (logic 3.987ns (67.253%)  route 1.941ns (32.747%))
  Logic Levels:           2  (FDRE=1 OBUF=1)

    Location             Delay type                Incr(ns)  Path(ns)    Netlist Resource(s)
  -------------------------------------------------------------------    -------------------
    SLICE_X43Y24         FDRE                         0.000     0.000 r  CNT_reg[29]/C
    SLICE_X43Y24         FDRE (Prop_fdre_C_Q)         0.456     0.456 r  CNT_reg[29]/Q
                         net (fo=3, routed)           1.941     2.397    LED_OBUF[5]
    W16                  OBUF (Prop_obuf_I_O)         3.531     5.928 r  LED_OBUF[5]_inst/O
                         net (fo=0)                   0.000     5.928    LED[5]
    W16                                                               r  LED[5] (OUT)
  -------------------------------------------------------------------    -------------------

Slack:                    inf
  Source:                 CNT_reg[28]/C
                            (rising edge-triggered cell FDRE)
  Destination:            LED[4]
                            (output port)
  Path Group:             (none)
  Path Type:              Max at Slow Process Corner
  Data Path Delay:        5.922ns  (logic 3.982ns (67.242%)  route 1.940ns (32.758%))
  Logic Levels:           2  (FDRE=1 OBUF=1)

    Location             Delay type                Incr(ns)  Path(ns)    Netlist Resource(s)
  -------------------------------------------------------------------    -------------------
    SLICE_X43Y24         FDRE                         0.000     0.000 r  CNT_reg[28]/C
    SLICE_X43Y24         FDRE (Prop_fdre_C_Q)         0.456     0.456 r  CNT_reg[28]/Q
                         net (fo=3, routed)           1.940     2.396    LED_OBUF[4]
    V16                  OBUF (Prop_obuf_I_O)         3.526     5.922 r  LED_OBUF[4]_inst/O
                         net (fo=0)                   0.000     5.922    LED[4]
    V16                                                               r  LED[4] (OUT)
  -------------------------------------------------------------------    -------------------

Slack:                    inf
  Source:                 DIR
                            (input port)
  Destination:            CNT_reg[31]/D
  Path Group:             (none)
  Path Type:              Max at Slow Process Corner
  Data Path Delay:        5.257ns  (logic 2.222ns (42.259%)  route 3.035ns (57.741%))
  Logic Levels:           3  (CARRY4=1 IBUF=1 LUT2=1)

    Location             Delay type                Incr(ns)  Path(ns)    Netlist Resource(s)
  -------------------------------------------------------------------    -------------------
    Y19                                               0.000     0.000 r  DIR (IN)
                         net (fo=0)                   0.000     0.000    DIR
    Y19                  IBUF (Prop_ibuf_I_O)         1.492     1.492 r  DIR_IBUF_inst/O
                         net (fo=31, routed)          3.035     4.527    DIR_IBUF
    SLICE_X43Y24         LUT2 (Prop_lut2_I0_O)        0.124     4.651 r  CNT[28]_i_5/O
                         net (fo=1, routed)           0.000     4.651    CNT[28]_i_5_n_0
    SLICE_X43Y24         CARRY4 (Prop_carry4_S[0]_O[3])
                                                      0.606     5.257 r  CNT_reg[28]_i_1/O[3]
                         net (fo=1, routed)           0.000     5.257    CNT_reg[28]_i_1_n_4
    SLICE_X43Y24         FDRE                                         r  CNT_reg[31]/D
  -------------------------------------------------------------------    -------------------

Slack:                    inf
  Source:                 DIR
                            (input port)
  Destination:            CNT_reg[30]/D
  Path Group:             (none)
  Path Type:              Max at Slow Process Corner
  Data Path Delay:        5.198ns  (logic 2.163ns (41.603%)  route 3.035ns (58.397%))
  Logic Levels:           3  (CARRY4=1 IBUF=1 LUT2=1)

    Location             Delay type                Incr(ns)  Path(ns)    Netlist Resource(s)
  -------------------------------------------------------------------    -------------------
    Y19                                               0.000     0.000 r  DIR (IN)
                         net (fo=0)                   0.000     0.000    DIR
    Y19                  IBUF (Prop_ibuf_I_O)         1.492     1.492 r  DIR_IBUF_inst/O
                         net (fo=31, routed)          3.035     4.527    DIR_IBUF
    SLICE_X43Y24         LUT2 (Prop_lut2_I0_O)        0.124     4.651 r  CNT[28]_i_5/O
                         net (fo=1, routed)           0.000     4.651    CNT[28]_i_5_n_0
    SLICE_X43Y24         CARRY4 (Prop_carry4_S[0]_O[2])
                                                      0.547     5.198 r  CNT_reg[28]_i_1/O[2]
                         net (fo=1, routed)           0.000     5.198    CNT_reg[28]_i_1_n_5
    SLICE_X43Y24         FDRE                                         r  CNT_reg[30]/D
  -------------------------------------------------------------------    -------------------





Min Delay Paths
--------------------------------------------------------------------------------------
Slack:                    inf
  Source:                 CNT_reg[12]/C
                            (rising edge-triggered cell FDRE)
  Destination:            CNT_reg[13]/D
  Path Group:             (none)
  Path Type:              Min at Fast Process Corner
  Data Path Delay:        0.332ns  (logic 0.265ns (79.819%)  route 0.067ns (20.181%))
  Logic Levels:           2  (CARRY4=1 FDRE=1)

    Location             Delay type                Incr(ns)  Path(ns)    Netlist Resource(s)
  -------------------------------------------------------------------    -------------------
    SLICE_X43Y20         FDRE                         0.000     0.000 r  CNT_reg[12]/C
    SLICE_X43Y20         FDRE (Prop_fdre_C_Q)         0.141     0.141 r  CNT_reg[12]/Q
                         net (fo=2, routed)           0.067     0.208    CNT_reg_n_0_[12]
    SLICE_X43Y20         CARRY4 (Prop_carry4_DI[0]_O[1])
                                                      0.124     0.332 r  CNT_reg[12]_i_1/O[1]
                         net (fo=1, routed)           0.000     0.332    CNT_reg[12]_i_1_n_6
    SLICE_X43Y20         FDRE                                         r  CNT_reg[13]/D
  -------------------------------------------------------------------    -------------------

Slack:                    inf
  Source:                 CNT_reg[16]/C
                            (rising edge-triggered cell FDRE)
  Destination:            CNT_reg[17]/D
  Path Group:             (none)
  Path Type:              Min at Fast Process Corner
  Data Path Delay:        0.332ns  (logic 0.265ns (79.819%)  route 0.067ns (20.181%))
  Logic Levels:           2  (CARRY4=1 FDRE=1)

    Location             Delay type                Incr(ns)  Path(ns)    Netlist Resource(s)
  -------------------------------------------------------------------    -------------------
    SLICE_X43Y21         FDRE                         0.000     0.000 r  CNT_reg[16]/C
    SLICE_X43Y21         FDRE (Prop_fdre_C_Q)         0.141     0.141 r  CNT_reg[16]/Q
                         net (fo=2, routed)           0.067     0.208    CNT_reg_n_0_[16]
    SLICE_X43Y21         CARRY4 (Prop_carry4_DI[0]_O[1])
                                                      0.124     0.332 r  CNT_reg[16]_i_1/O[1]
                         net (fo=1, routed)           0.000     0.332    CNT_reg[16]_i_1_n_6
    SLICE_X43Y21         FDRE                                         r  CNT_reg[17]/D
  -------------------------------------------------------------------    -------------------

Slack:                    inf
  Source:                 CNT_reg[20]/C
                            (rising edge-triggered cell FDRE)
  Destination:            CNT_reg[21]/D
  Path Group:             (none)
  Path Type:              Min at Fast Process Corner
  Data Path Delay:        0.332ns  (logic 0.265ns (79.819%)  route 0.067ns (20.181%))
  Logic Levels:           2  (CARRY4=1 FDRE=1)

    Location             Delay type                Incr(ns)  Path(ns)    Netlist Resource(s)
  -------------------------------------------------------------------    -------------------
    SLICE_X43Y22         FDRE                         0.000     0.000 r  CNT_reg[20]/C
    SLICE_X43Y22         FDRE (Prop_fdre_C_Q)         0.141     0.141 r  CNT_reg[20]/Q
                         net (fo=2, routed)           0.067     0.208    CNT_reg_n_0_[20]
    SLICE_X43Y22         CARRY4 (Prop_carry4_DI[0]_O[1])
                                                      0.124     0.332 r  CNT_reg[20]_i_1/O[1]
                         net (fo=1, routed)           0.000     0.332    CNT_reg[20]_i_1_n_6
    SLICE_X43Y22         FDRE                                         r  CNT_reg[21]/D
  -------------------------------------------------------------------    -------------------

Slack:                    inf
  Source:                 CNT_reg[4]/C
                            (rising edge-triggered cell FDRE)
  Destination:            CNT_reg[5]/D
  Path Group:             (none)
  Path Type:              Min at Fast Process Corner
  Data Path Delay:        0.332ns  (logic 0.265ns (79.819%)  route 0.067ns (20.181%))
  Logic Levels:           2  (CARRY4=1 FDRE=1)

    Location             Delay type                Incr(ns)  Path(ns)    Netlist Resource(s)
  -------------------------------------------------------------------    -------------------
    SLICE_X43Y18         FDRE                         0.000     0.000 r  CNT_reg[4]/C
    SLICE_X43Y18         FDRE (Prop_fdre_C_Q)         0.141     0.141 r  CNT_reg[4]/Q
                         net (fo=2, routed)           0.067     0.208    CNT_reg_n_0_[4]
    SLICE_X43Y18         CARRY4 (Prop_carry4_DI[0]_O[1])
                                                      0.124     0.332 r  CNT_reg[4]_i_1/O[1]
                         net (fo=1, routed)           0.000     0.332    CNT_reg[4]_i_1_n_6
    SLICE_X43Y18         FDRE                                         r  CNT_reg[5]/D
  -------------------------------------------------------------------    -------------------

Slack:                    inf
  Source:                 CNT_reg[8]/C
                            (rising edge-triggered cell FDRE)
  Destination:            CNT_reg[9]/D
  Path Group:             (none)
  Path Type:              Min at Fast Process Corner
  Data Path Delay:        0.332ns  (logic 0.265ns (79.819%)  route 0.067ns (20.181%))
  Logic Levels:           2  (CARRY4=1 FDRE=1)

    Location             Delay type                Incr(ns)  Path(ns)    Netlist Resource(s)
  -------------------------------------------------------------------    -------------------
    SLICE_X43Y19         FDRE                         0.000     0.000 r  CNT_reg[8]/C
    SLICE_X43Y19         FDRE (Prop_fdre_C_Q)         0.141     0.141 r  CNT_reg[8]/Q
                         net (fo=2, routed)           0.067     0.208    CNT_reg_n_0_[8]
    SLICE_X43Y19         CARRY4 (Prop_carry4_DI[0]_O[1])
                                                      0.124     0.332 r  CNT_reg[8]_i_1/O[1]
                         net (fo=1, routed)           0.000     0.332    CNT_reg[8]_i_1_n_6
    SLICE_X43Y19         FDRE                                         r  CNT_reg[9]/D
  -------------------------------------------------------------------    -------------------

Slack:                    inf
  Source:                 CNT_reg[10]/C
                            (rising edge-triggered cell FDRE)
  Destination:            CNT_reg[11]/D
  Path Group:             (none)
  Path Type:              Min at Fast Process Corner
  Data Path Delay:        0.335ns  (logic 0.268ns (80.000%)  route 0.067ns (20.000%))
  Logic Levels:           2  (CARRY4=1 FDRE=1)

    Location             Delay type                Incr(ns)  Path(ns)    Netlist Resource(s)
  -------------------------------------------------------------------    -------------------
    SLICE_X43Y19         FDRE                         0.000     0.000 r  CNT_reg[10]/C
    SLICE_X43Y19         FDRE (Prop_fdre_C_Q)         0.141     0.141 r  CNT_reg[10]/Q
                         net (fo=2, routed)           0.067     0.208    CNT_reg_n_0_[10]
    SLICE_X43Y19         CARRY4 (Prop_carry4_DI[2]_O[3])
                                                      0.127     0.335 r  CNT_reg[8]_i_1/O[3]
                         net (fo=1, routed)           0.000     0.335    CNT_reg[8]_i_1_n_4
    SLICE_X43Y19         FDRE                                         r  CNT_reg[11]/D
  -------------------------------------------------------------------    -------------------

Slack:                    inf
  Source:                 CNT_reg[14]/C
                            (rising edge-triggered cell FDRE)
  Destination:            CNT_reg[15]/D
  Path Group:             (none)
  Path Type:              Min at Fast Process Corner
  Data Path Delay:        0.335ns  (logic 0.268ns (80.000%)  route 0.067ns (20.000%))
  Logic Levels:           2  (CARRY4=1 FDRE=1)

    Location             Delay type                Incr(ns)  Path(ns)    Netlist Resource(s)
  -------------------------------------------------------------------    -------------------
    SLICE_X43Y20         FDRE                         0.000     0.000 r  CNT_reg[14]/C
    SLICE_X43Y20         FDRE (Prop_fdre_C_Q)         0.141     0.141 r  CNT_reg[14]/Q
                         net (fo=2, routed)           0.067     0.208    CNT_reg_n_0_[14]
    SLICE_X43Y20         CARRY4 (Prop_carry4_DI[2]_O[3])
                                                      0.127     0.335 r  CNT_reg[12]_i_1/O[3]
                         net (fo=1, routed)           0.000     0.335    CNT_reg[12]_i_1_n_4
    SLICE_X43Y20         FDRE                                         r  CNT_reg[15]/D
  -------------------------------------------------------------------    -------------------

Slack:                    inf
  Source:                 CNT_reg[18]/C
                            (rising edge-triggered cell FDRE)
  Destination:            CNT_reg[19]/D
  Path Group:             (none)
  Path Type:              Min at Fast Process Corner
  Data Path Delay:        0.335ns  (logic 0.268ns (80.000%)  route 0.067ns (20.000%))
  Logic Levels:           2  (CARRY4=1 FDRE=1)

    Location             Delay type                Incr(ns)  Path(ns)    Netlist Resource(s)
  -------------------------------------------------------------------    -------------------
    SLICE_X43Y21         FDRE                         0.000     0.000 r  CNT_reg[18]/C
    SLICE_X43Y21         FDRE (Prop_fdre_C_Q)         0.141     0.141 r  CNT_reg[18]/Q
                         net (fo=2, routed)           0.067     0.208    CNT_reg_n_0_[18]
    SLICE_X43Y21         CARRY4 (Prop_carry4_DI[2]_O[3])
                                                      0.127     0.335 r  CNT_reg[16]_i_1/O[3]
                         net (fo=1, routed)           0.000     0.335    CNT_reg[16]_i_1_n_4
    SLICE_X43Y21         FDRE                                         r  CNT_reg[19]/D
  -------------------------------------------------------------------    -------------------

Slack:                    inf
  Source:                 CNT_reg[22]/C
                            (rising edge-triggered cell FDRE)
  Destination:            CNT_reg[23]/D
  Path Group:             (none)
  Path Type:              Min at Fast Process Corner
  Data Path Delay:        0.335ns  (logic 0.268ns (80.000%)  route 0.067ns (20.000%))
  Logic Levels:           2  (CARRY4=1 FDRE=1)

    Location             Delay type                Incr(ns)  Path(ns)    Netlist Resource(s)
  -------------------------------------------------------------------    -------------------
    SLICE_X43Y22         FDRE                         0.000     0.000 r  CNT_reg[22]/C
    SLICE_X43Y22         FDRE (Prop_fdre_C_Q)         0.141     0.141 r  CNT_reg[22]/Q
                         net (fo=2, routed)           0.067     0.208    CNT_reg_n_0_[22]
    SLICE_X43Y22         CARRY4 (Prop_carry4_DI[2]_O[3])
                                                      0.127     0.335 r  CNT_reg[20]_i_1/O[3]
                         net (fo=1, routed)           0.000     0.335    CNT_reg[20]_i_1_n_4
    SLICE_X43Y22         FDRE                                         r  CNT_reg[23]/D
  -------------------------------------------------------------------    -------------------

Slack:                    inf
  Source:                 CNT_reg[2]/C
                            (rising edge-triggered cell FDRE)
  Destination:            CNT_reg[3]/D
  Path Group:             (none)
  Path Type:              Min at Fast Process Corner
  Data Path Delay:        0.335ns  (logic 0.268ns (80.000%)  route 0.067ns (20.000%))
  Logic Levels:           2  (CARRY4=1 FDRE=1)

    Location             Delay type                Incr(ns)  Path(ns)    Netlist Resource(s)
  -------------------------------------------------------------------    -------------------
    SLICE_X43Y17         FDRE                         0.000     0.000 r  CNT_reg[2]/C
    SLICE_X43Y17         FDRE (Prop_fdre_C_Q)         0.141     0.141 r  CNT_reg[2]/Q
                         net (fo=2, routed)           0.067     0.208    CNT_reg_n_0_[2]
    SLICE_X43Y17         CARRY4 (Prop_carry4_DI[2]_O[3])
                                                      0.127     0.335 r  CNT_reg[0]_i_1/O[3]
                         net (fo=1, routed)           0.000     0.335    CNT_reg[0]_i_1_n_4
    SLICE_X43Y17         FDRE                                         r  CNT_reg[3]/D
  -------------------------------------------------------------------    -------------------





