Copyright 1986-2022 Xilinx, Inc. All Rights Reserved. Copyright 2022-2023 Advanced Micro Devices, Inc. All Rights Reserved.
------------------------------------------------------------------------------------------------------------------------------------------------------------------------------------------------------------------
| Tool Version : Vivado v.2023.2 (win64) Build 4029153 Fri Oct 13 20:14:34 MDT 2023
| Date         : Mon Oct 14 11:04:52 2024
| Host         : COMSYS01 running 64-bit major release  (build 9200)
| Command      : report_timing_summary -max_paths 10 -report_unconstrained -file my_comp_timing_summary_routed.rpt -pb my_comp_timing_summary_routed.pb -rpx my_comp_timing_summary_routed.rpx -warn_on_violation
| Design       : my_comp
| Device       : 7z007s-clg400
| Speed File   : -1  PRODUCTION 1.12 2019-11-22
| Design State : Routed
------------------------------------------------------------------------------------------------------------------------------------------------------------------------------------------------------------------

Timing Summary Report

------------------------------------------------------------------------------------------------
| Timer Settings
| --------------
------------------------------------------------------------------------------------------------

  Enable Multi Corner Analysis               :  Yes
  Enable Pessimism Removal                   :  Yes
  Pessimism Removal Resolution               :  Nearest Common Node
  Enable Input Delay Default Clock           :  No
  Enable Preset / Clear Arcs                 :  No
  Disable Flight Delays                      :  No
  Ignore I/O Paths                           :  No
  Timing Early Launch at Borrowing Latches   :  No
  Borrow Time for Max Delay Exceptions       :  Yes
  Merge Timing Exceptions                    :  Yes
  Inter-SLR Compensation                     :  Conservative

  Corner  Analyze    Analyze    
  Name    Max Paths  Min Paths  
  ------  ---------  ---------  
  Slow    Yes        Yes        
  Fast    Yes        Yes        


------------------------------------------------------------------------------------------------
| Report Methodology
| ------------------
------------------------------------------------------------------------------------------------

No report available as report_methodology has not been run prior. Run report_methodology on the current design for the summary of methodology violations.



check_timing report

Table of Contents
-----------------
1. checking no_clock (0)
2. checking constant_clock (0)
3. checking pulse_width_clock (0)
4. checking unconstrained_internal_endpoints (0)
5. checking no_input_delay (0)
6. checking no_output_delay (0)
7. checking multiple_clock (0)
8. checking generated_clocks (0)
9. checking loops (0)
10. checking partial_input_delay (0)
11. checking partial_output_delay (0)
12. checking latch_loops (0)

1. checking no_clock (0)
------------------------
 There are 0 register/latch pins with no clock.


2. checking constant_clock (0)
------------------------------
 There are 0 register/latch pins with constant_clock.


3. checking pulse_width_clock (0)
---------------------------------
 There are 0 register/latch pins which need pulse_width check


4. checking unconstrained_internal_endpoints (0)
------------------------------------------------
 There are 0 pins that are not constrained for maximum delay.

 There are 0 pins that are not constrained for maximum delay due to constant clock.


5. checking no_input_delay (0)
------------------------------
 There are 0 input ports with no input delay specified.

 There are 0 input ports with no input delay but user has a false path constraint.


6. checking no_output_delay (0)
-------------------------------
 There are 0 ports with no output delay specified.

 There are 0 ports with no output delay but user has a false path constraint

 There are 0 ports with no output delay but with a timing clock defined on it or propagating through it


7. checking multiple_clock (0)
------------------------------
 There are 0 register/latch pins with multiple clocks.


8. checking generated_clocks (0)
--------------------------------
 There are 0 generated clocks that are not connected to a clock source.


9. checking loops (0)
---------------------
 There are 0 combinational loops in the design.


10. checking partial_input_delay (0)
------------------------------------
 There are 0 input ports with partial input delay specified.


11. checking partial_output_delay (0)
-------------------------------------
 There are 0 ports with partial output delay specified.


12. checking latch_loops (0)
----------------------------
 There are 0 combinational latch loops in the design through latch input



------------------------------------------------------------------------------------------------
| Design Timing Summary
| ---------------------
------------------------------------------------------------------------------------------------

    WNS(ns)      TNS(ns)  TNS Failing Endpoints  TNS Total Endpoints      WHS(ns)      THS(ns)  THS Failing Endpoints  THS Total Endpoints     WPWS(ns)     TPWS(ns)  TPWS Failing Endpoints  TPWS Total Endpoints  
    -------      -------  ---------------------  -------------------      -------      -------  ---------------------  -------------------     --------     --------  ----------------------  --------------------  
        inf        0.000                      0                    3          inf        0.000                      0                    3           NA           NA                      NA                    NA  


There are no user specified timing constraints.


------------------------------------------------------------------------------------------------
| Clock Summary
| -------------
------------------------------------------------------------------------------------------------


------------------------------------------------------------------------------------------------
| Intra Clock Table
| -----------------
------------------------------------------------------------------------------------------------

Clock             WNS(ns)      TNS(ns)  TNS Failing Endpoints  TNS Total Endpoints      WHS(ns)      THS(ns)  THS Failing Endpoints  THS Total Endpoints     WPWS(ns)     TPWS(ns)  TPWS Failing Endpoints  TPWS Total Endpoints  
-----             -------      -------  ---------------------  -------------------      -------      -------  ---------------------  -------------------     --------     --------  ----------------------  --------------------  


------------------------------------------------------------------------------------------------
| Inter Clock Table
| -----------------
------------------------------------------------------------------------------------------------

From Clock    To Clock          WNS(ns)      TNS(ns)  TNS Failing Endpoints  TNS Total Endpoints      WHS(ns)      THS(ns)  THS Failing Endpoints  THS Total Endpoints  
----------    --------          -------      -------  ---------------------  -------------------      -------      -------  ---------------------  -------------------  


------------------------------------------------------------------------------------------------
| Other Path Groups Table
| -----------------------
------------------------------------------------------------------------------------------------

Path Group    From Clock    To Clock          WNS(ns)      TNS(ns)  TNS Failing Endpoints  TNS Total Endpoints      WHS(ns)      THS(ns)  THS Failing Endpoints  THS Total Endpoints  
----------    ----------    --------          -------      -------  ---------------------  -------------------      -------      -------  ---------------------  -------------------  


------------------------------------------------------------------------------------------------
| User Ignored Path Table
| -----------------------
------------------------------------------------------------------------------------------------

Path Group    From Clock    To Clock    
----------    ----------    --------    


------------------------------------------------------------------------------------------------
| Unconstrained Path Table
| ------------------------
------------------------------------------------------------------------------------------------

Path Group    From Clock    To Clock    
----------    ----------    --------    
(none)                                    


------------------------------------------------------------------------------------------------
| Timing Details
| --------------
------------------------------------------------------------------------------------------------


--------------------------------------------------------------------------------------
Path Group:  (none)
From Clock:  
  To Clock:  

Max Delay             3 Endpoints
Min Delay             3 Endpoints
--------------------------------------------------------------------------------------


Max Delay Paths
--------------------------------------------------------------------------------------
Slack:                    inf
  Source:                 Enable
                            (input port)
  Destination:            Equal
                            (output port)
  Path Group:             (none)
  Path Type:              Max at Slow Process Corner
  Data Path Delay:        10.663ns  (logic 5.125ns (48.067%)  route 5.537ns (51.933%))
  Logic Levels:           3  (IBUF=1 LUT5=1 OBUF=1)

    Location             Delay type                Incr(ns)  Path(ns)    Netlist Resource(s)
  -------------------------------------------------------------------    -------------------
    D20                                               0.000     0.000 r  Enable (IN)
                         net (fo=0)                   0.000     0.000    Enable
    D20                  IBUF (Prop_ibuf_I_O)         1.475     1.475 r  Enable_IBUF_inst/O
                         net (fo=3, routed)           2.887     4.362    Enable_IBUF
    SLICE_X43Y40         LUT5 (Prop_lut5_I0_O)        0.124     4.486 r  Equal_OBUF_inst_i_1/O
                         net (fo=1, routed)           2.651     7.137    Equal_OBUF
    G17                  OBUF (Prop_obuf_I_O)         3.526    10.663 r  Equal_OBUF_inst/O
                         net (fo=0)                   0.000    10.663    Equal
    G17                                                               r  Equal (OUT)
  -------------------------------------------------------------------    -------------------

Slack:                    inf
  Source:                 Enable
                            (input port)
  Destination:            Greater
                            (output port)
  Path Group:             (none)
  Path Type:              Max at Slow Process Corner
  Data Path Delay:        10.531ns  (logic 5.373ns (51.020%)  route 5.158ns (48.980%))
  Logic Levels:           3  (IBUF=1 LUT5=1 OBUF=1)

    Location             Delay type                Incr(ns)  Path(ns)    Netlist Resource(s)
  -------------------------------------------------------------------    -------------------
    D20                                               0.000     0.000 r  Enable (IN)
                         net (fo=0)                   0.000     0.000    Enable
    D20                  IBUF (Prop_ibuf_I_O)         1.475     1.475 r  Enable_IBUF_inst/O
                         net (fo=3, routed)           2.889     4.364    Enable_IBUF
    SLICE_X43Y40         LUT5 (Prop_lut5_I0_O)        0.150     4.514 r  Greater_OBUF_inst_i_1/O
                         net (fo=1, routed)           2.269     6.783    Greater_OBUF
    L15                  OBUF (Prop_obuf_I_O)         3.748    10.531 r  Greater_OBUF_inst/O
                         net (fo=0)                   0.000    10.531    Greater
    L15                                                               r  Greater (OUT)
  -------------------------------------------------------------------    -------------------

Slack:                    inf
  Source:                 Enable
                            (input port)
  Destination:            Lower
                            (output port)
  Path Group:             (none)
  Path Type:              Max at Slow Process Corner
  Data Path Delay:        10.273ns  (logic 5.131ns (49.943%)  route 5.142ns (50.057%))
  Logic Levels:           3  (IBUF=1 LUT5=1 OBUF=1)

    Location             Delay type                Incr(ns)  Path(ns)    Netlist Resource(s)
  -------------------------------------------------------------------    -------------------
    D20                                               0.000     0.000 r  Enable (IN)
                         net (fo=0)                   0.000     0.000    Enable
    D20                  IBUF (Prop_ibuf_I_O)         1.475     1.475 r  Enable_IBUF_inst/O
                         net (fo=3, routed)           2.889     4.364    Enable_IBUF
    SLICE_X43Y40         LUT5 (Prop_lut5_I0_O)        0.124     4.488 r  Lower_OBUF_inst_i_1/O
                         net (fo=1, routed)           2.253     6.741    Lower_OBUF
    N15                  OBUF (Prop_obuf_I_O)         3.532    10.273 r  Lower_OBUF_inst/O
                         net (fo=0)                   0.000    10.273    Lower
    N15                                                               r  Lower (OUT)
  -------------------------------------------------------------------    -------------------





Min Delay Paths
--------------------------------------------------------------------------------------
Slack:                    inf
  Source:                 B[1]
                            (input port)
  Destination:            Lower
                            (output port)
  Path Group:             (none)
  Path Type:              Min at Fast Process Corner
  Data Path Delay:        2.672ns  (logic 1.605ns (60.053%)  route 1.067ns (39.947%))
  Logic Levels:           3  (IBUF=1 LUT5=1 OBUF=1)

    Location             Delay type                Incr(ns)  Path(ns)    Netlist Resource(s)
  -------------------------------------------------------------------    -------------------
    Y17                                               0.000     0.000 r  B[1] (IN)
                         net (fo=0)                   0.000     0.000    B[1]
    Y17                  IBUF (Prop_ibuf_I_O)         0.327     0.327 r  B_IBUF[1]_inst/O
                         net (fo=3, routed)           0.486     0.813    B_IBUF[1]
    SLICE_X43Y40         LUT5 (Prop_lut5_I4_O)        0.045     0.858 r  Lower_OBUF_inst_i_1/O
                         net (fo=1, routed)           0.581     1.440    Lower_OBUF
    N15                  OBUF (Prop_obuf_I_O)         1.232     2.672 r  Lower_OBUF_inst/O
                         net (fo=0)                   0.000     2.672    Lower
    N15                                                               r  Lower (OUT)
  -------------------------------------------------------------------    -------------------

Slack:                    inf
  Source:                 B[1]
                            (input port)
  Destination:            Greater
                            (output port)
  Path Group:             (none)
  Path Type:              Min at Fast Process Corner
  Data Path Delay:        2.741ns  (logic 1.678ns (61.213%)  route 1.063ns (38.787%))
  Logic Levels:           3  (IBUF=1 LUT5=1 OBUF=1)

    Location             Delay type                Incr(ns)  Path(ns)    Netlist Resource(s)
  -------------------------------------------------------------------    -------------------
    Y17                                               0.000     0.000 f  B[1] (IN)
                         net (fo=0)                   0.000     0.000    B[1]
    Y17                  IBUF (Prop_ibuf_I_O)         0.327     0.327 f  B_IBUF[1]_inst/O
                         net (fo=3, routed)           0.486     0.813    B_IBUF[1]
    SLICE_X43Y40         LUT5 (Prop_lut5_I4_O)        0.042     0.855 r  Greater_OBUF_inst_i_1/O
                         net (fo=1, routed)           0.577     1.432    Greater_OBUF
    L15                  OBUF (Prop_obuf_I_O)         1.309     2.741 r  Greater_OBUF_inst/O
                         net (fo=0)                   0.000     2.741    Greater
    L15                                                               r  Greater (OUT)
  -------------------------------------------------------------------    -------------------

Slack:                    inf
  Source:                 B[0]
                            (input port)
  Destination:            Equal
                            (output port)
  Path Group:             (none)
  Path Type:              Min at Fast Process Corner
  Data Path Delay:        2.765ns  (logic 1.606ns (58.077%)  route 1.159ns (41.923%))
  Logic Levels:           3  (IBUF=1 LUT5=1 OBUF=1)

    Location             Delay type                Incr(ns)  Path(ns)    Netlist Resource(s)
  -------------------------------------------------------------------    -------------------
    Y16                                               0.000     0.000 r  B[0] (IN)
                         net (fo=0)                   0.000     0.000    B[0]
    Y16                  IBUF (Prop_ibuf_I_O)         0.334     0.334 r  B_IBUF[0]_inst/O
                         net (fo=3, routed)           0.422     0.756    B_IBUF[0]
    SLICE_X43Y40         LUT5 (Prop_lut5_I3_O)        0.045     0.801 r  Equal_OBUF_inst_i_1/O
                         net (fo=1, routed)           0.738     1.538    Equal_OBUF
    G17                  OBUF (Prop_obuf_I_O)         1.227     2.765 r  Equal_OBUF_inst/O
                         net (fo=0)                   0.000     2.765    Equal
    G17                                                               r  Equal (OUT)
  -------------------------------------------------------------------    -------------------





