Copyright 1986-2022 Xilinx, Inc. All Rights Reserved. Copyright 2022-2023 Advanced Micro Devices, Inc. All Rights Reserved.
------------------------------------------------------------------------------------------------------------------------------------------------------------------------------------------------------------------
| Tool Version : Vivado v.2023.2 (win64) Build 4029153 Fri Oct 13 20:14:34 MDT 2023
| Date         : Tue Oct  8 10:37:24 2024
| Host         : COMSYS01 running 64-bit major release  (build 9200)
| Command      : report_timing_summary -max_paths 10 -report_unconstrained -file my_cnt3_timing_summary_routed.rpt -pb my_cnt3_timing_summary_routed.pb -rpx my_cnt3_timing_summary_routed.rpx -warn_on_violation
| Design       : my_cnt3
| Device       : 7z007s-clg400
| Speed File   : -1  PRODUCTION 1.12 2019-11-22
| Design State : Routed
------------------------------------------------------------------------------------------------------------------------------------------------------------------------------------------------------------------

Timing Summary Report

------------------------------------------------------------------------------------------------
| Timer Settings
| --------------
------------------------------------------------------------------------------------------------

  Enable Multi Corner Analysis               :  Yes
  Enable Pessimism Removal                   :  Yes
  Pessimism Removal Resolution               :  Nearest Common Node
  Enable Input Delay Default Clock           :  No
  Enable Preset / Clear Arcs                 :  No
  Disable Flight Delays                      :  No
  Ignore I/O Paths                           :  No
  Timing Early Launch at Borrowing Latches   :  No
  Borrow Time for Max Delay Exceptions       :  Yes
  Merge Timing Exceptions                    :  Yes
  Inter-SLR Compensation                     :  Conservative

  Corner  Analyze    Analyze    
  Name    Max Paths  Min Paths  
  ------  ---------  ---------  
  Slow    Yes        Yes        
  Fast    Yes        Yes        


------------------------------------------------------------------------------------------------
| Report Methodology
| ------------------
------------------------------------------------------------------------------------------------

Rule       Severity          Description                  Violations  
---------  ----------------  ---------------------------  ----------  
TIMING-17  Critical Warning  Non-clocked sequential cell  3           

Note: This report is based on the most recent report_methodology run and may not be up-to-date. Run report_methodology on the current design for the latest report.



check_timing report

Table of Contents
-----------------
1. checking no_clock (3)
2. checking constant_clock (0)
3. checking pulse_width_clock (0)
4. checking unconstrained_internal_endpoints (6)
5. checking no_input_delay (1)
6. checking no_output_delay (3)
7. checking multiple_clock (0)
8. checking generated_clocks (0)
9. checking loops (0)
10. checking partial_input_delay (0)
11. checking partial_output_delay (0)
12. checking latch_loops (0)

1. checking no_clock (3)
------------------------
 There are 3 register/latch pins with no clock driven by root clock pin: CLK (HIGH)


2. checking constant_clock (0)
------------------------------
 There are 0 register/latch pins with constant_clock.


3. checking pulse_width_clock (0)
---------------------------------
 There are 0 register/latch pins which need pulse_width check


4. checking unconstrained_internal_endpoints (6)
------------------------------------------------
 There are 6 pins that are not constrained for maximum delay. (HIGH)

 There are 0 pins that are not constrained for maximum delay due to constant clock.


5. checking no_input_delay (1)
------------------------------
 There is 1 input port with no input delay specified. (HIGH)

 There are 0 input ports with no input delay but user has a false path constraint.


6. checking no_output_delay (3)
-------------------------------
 There are 3 ports with no output delay specified. (HIGH)

 There are 0 ports with no output delay but user has a false path constraint

 There are 0 ports with no output delay but with a timing clock defined on it or propagating through it


7. checking multiple_clock (0)
------------------------------
 There are 0 register/latch pins with multiple clocks.


8. checking generated_clocks (0)
--------------------------------
 There are 0 generated clocks that are not connected to a clock source.


9. checking loops (0)
---------------------
 There are 0 combinational loops in the design.


10. checking partial_input_delay (0)
------------------------------------
 There are 0 input ports with partial input delay specified.


11. checking partial_output_delay (0)
-------------------------------------
 There are 0 ports with partial output delay specified.


12. checking latch_loops (0)
----------------------------
 There are 0 combinational latch loops in the design through latch input



------------------------------------------------------------------------------------------------
| Design Timing Summary
| ---------------------
------------------------------------------------------------------------------------------------

    WNS(ns)      TNS(ns)  TNS Failing Endpoints  TNS Total Endpoints      WHS(ns)      THS(ns)  THS Failing Endpoints  THS Total Endpoints     WPWS(ns)     TPWS(ns)  TPWS Failing Endpoints  TPWS Total Endpoints  
    -------      -------  ---------------------  -------------------      -------      -------  ---------------------  -------------------     --------     --------  ----------------------  --------------------  
        inf        0.000                      0                    9          inf        0.000                      0                    9           NA           NA                      NA                    NA  


There are no user specified timing constraints.


------------------------------------------------------------------------------------------------
| Clock Summary
| -------------
------------------------------------------------------------------------------------------------


------------------------------------------------------------------------------------------------
| Intra Clock Table
| -----------------
------------------------------------------------------------------------------------------------

Clock             WNS(ns)      TNS(ns)  TNS Failing Endpoints  TNS Total Endpoints      WHS(ns)      THS(ns)  THS Failing Endpoints  THS Total Endpoints     WPWS(ns)     TPWS(ns)  TPWS Failing Endpoints  TPWS Total Endpoints  
-----             -------      -------  ---------------------  -------------------      -------      -------  ---------------------  -------------------     --------     --------  ----------------------  --------------------  


------------------------------------------------------------------------------------------------
| Inter Clock Table
| -----------------
------------------------------------------------------------------------------------------------

From Clock    To Clock          WNS(ns)      TNS(ns)  TNS Failing Endpoints  TNS Total Endpoints      WHS(ns)      THS(ns)  THS Failing Endpoints  THS Total Endpoints  
----------    --------          -------      -------  ---------------------  -------------------      -------      -------  ---------------------  -------------------  


------------------------------------------------------------------------------------------------
| Other Path Groups Table
| -----------------------
------------------------------------------------------------------------------------------------

Path Group    From Clock    To Clock          WNS(ns)      TNS(ns)  TNS Failing Endpoints  TNS Total Endpoints      WHS(ns)      THS(ns)  THS Failing Endpoints  THS Total Endpoints  
----------    ----------    --------          -------      -------  ---------------------  -------------------      -------      -------  ---------------------  -------------------  


------------------------------------------------------------------------------------------------
| User Ignored Path Table
| -----------------------
------------------------------------------------------------------------------------------------

Path Group    From Clock    To Clock    
----------    ----------    --------    


------------------------------------------------------------------------------------------------
| Unconstrained Path Table
| ------------------------
------------------------------------------------------------------------------------------------

Path Group    From Clock    To Clock    
----------    ----------    --------    
(none)                                    


------------------------------------------------------------------------------------------------
| Timing Details
| --------------
------------------------------------------------------------------------------------------------


--------------------------------------------------------------------------------------
Path Group:  (none)
From Clock:  
  To Clock:  

Max Delay             9 Endpoints
Min Delay             9 Endpoints
--------------------------------------------------------------------------------------


Max Delay Paths
--------------------------------------------------------------------------------------
Slack:                    inf
  Source:                 dff0/q_reg/C
                            (rising edge-triggered cell FDCE)
  Destination:            Q[0]
                            (output port)
  Path Group:             (none)
  Path Type:              Max at Slow Process Corner
  Data Path Delay:        6.191ns  (logic 4.094ns (66.125%)  route 2.097ns (33.875%))
  Logic Levels:           2  (FDCE=1 OBUF=1)

    Location             Delay type                Incr(ns)  Path(ns)    Netlist Resource(s)
  -------------------------------------------------------------------    -------------------
    SLICE_X43Y46         FDCE                         0.000     0.000 r  dff0/q_reg/C
    SLICE_X43Y46         FDCE (Prop_fdce_C_Q)         0.456     0.456 r  dff0/q_reg/Q
                         net (fo=4, routed)           2.097     2.553    Q_OBUF[0]
    W14                  OBUF (Prop_obuf_I_O)         3.638     6.191 r  Q_OBUF[0]_inst/O
                         net (fo=0)                   0.000     6.191    Q[0]
    W14                                                               r  Q[0] (OUT)
  -------------------------------------------------------------------    -------------------

Slack:                    inf
  Source:                 dff1/q_reg/C
                            (rising edge-triggered cell FDCE)
  Destination:            Q[1]
                            (output port)
  Path Group:             (none)
  Path Type:              Max at Slow Process Corner
  Data Path Delay:        6.184ns  (logic 4.096ns (66.238%)  route 2.088ns (33.762%))
  Logic Levels:           2  (FDCE=1 OBUF=1)

    Location             Delay type                Incr(ns)  Path(ns)    Netlist Resource(s)
  -------------------------------------------------------------------    -------------------
    SLICE_X43Y46         FDCE                         0.000     0.000 r  dff1/q_reg/C
    SLICE_X43Y46         FDCE (Prop_fdce_C_Q)         0.456     0.456 r  dff1/q_reg/Q
                         net (fo=3, routed)           2.088     2.544    Q_OBUF[1]
    Y14                  OBUF (Prop_obuf_I_O)         3.640     6.184 r  Q_OBUF[1]_inst/O
                         net (fo=0)                   0.000     6.184    Q[1]
    Y14                                                               r  Q[1] (OUT)
  -------------------------------------------------------------------    -------------------

Slack:                    inf
  Source:                 dff2/q_reg/C
                            (rising edge-triggered cell FDCE)
  Destination:            Q[2]
                            (output port)
  Path Group:             (none)
  Path Type:              Max at Slow Process Corner
  Data Path Delay:        6.034ns  (logic 4.211ns (69.788%)  route 1.823ns (30.212%))
  Logic Levels:           2  (FDCE=1 OBUF=1)

    Location             Delay type                Incr(ns)  Path(ns)    Netlist Resource(s)
  -------------------------------------------------------------------    -------------------
    SLICE_X43Y46         FDCE                         0.000     0.000 r  dff2/q_reg/C
    SLICE_X43Y46         FDCE (Prop_fdce_C_Q)         0.419     0.419 r  dff2/q_reg/Q
                         net (fo=2, routed)           1.823     2.242    Q_OBUF[2]
    T11                  OBUF (Prop_obuf_I_O)         3.792     6.034 r  Q_OBUF[2]_inst/O
                         net (fo=0)                   0.000     6.034    Q[2]
    T11                                                               r  Q[2] (OUT)
  -------------------------------------------------------------------    -------------------

Slack:                    inf
  Source:                 RST
                            (input port)
  Destination:            dff0/q_reg/CLR
  Path Group:             (none)
  Path Type:              Max at Slow Process Corner
  Data Path Delay:        4.019ns  (logic 1.475ns (36.701%)  route 2.544ns (63.299%))
  Logic Levels:           1  (IBUF=1)

    Location             Delay type                Incr(ns)  Path(ns)    Netlist Resource(s)
  -------------------------------------------------------------------    -------------------
    D20                                               0.000     0.000 f  RST (IN)
                         net (fo=0)                   0.000     0.000    RST
    D20                  IBUF (Prop_ibuf_I_O)         1.475     1.475 f  RST_IBUF_inst/O
                         net (fo=3, routed)           2.544     4.019    dff0/RST_IBUF
    SLICE_X43Y46         FDCE                                         f  dff0/q_reg/CLR
  -------------------------------------------------------------------    -------------------

Slack:                    inf
  Source:                 RST
                            (input port)
  Destination:            dff1/q_reg/CLR
  Path Group:             (none)
  Path Type:              Max at Slow Process Corner
  Data Path Delay:        4.019ns  (logic 1.475ns (36.701%)  route 2.544ns (63.299%))
  Logic Levels:           1  (IBUF=1)

    Location             Delay type                Incr(ns)  Path(ns)    Netlist Resource(s)
  -------------------------------------------------------------------    -------------------
    D20                                               0.000     0.000 f  RST (IN)
                         net (fo=0)                   0.000     0.000    RST
    D20                  IBUF (Prop_ibuf_I_O)         1.475     1.475 f  RST_IBUF_inst/O
                         net (fo=3, routed)           2.544     4.019    dff1/RST_IBUF
    SLICE_X43Y46         FDCE                                         f  dff1/q_reg/CLR
  -------------------------------------------------------------------    -------------------

Slack:                    inf
  Source:                 RST
                            (input port)
  Destination:            dff2/q_reg/CLR
  Path Group:             (none)
  Path Type:              Max at Slow Process Corner
  Data Path Delay:        4.019ns  (logic 1.475ns (36.701%)  route 2.544ns (63.299%))
  Logic Levels:           1  (IBUF=1)

    Location             Delay type                Incr(ns)  Path(ns)    Netlist Resource(s)
  -------------------------------------------------------------------    -------------------
    D20                                               0.000     0.000 f  RST (IN)
                         net (fo=0)                   0.000     0.000    RST
    D20                  IBUF (Prop_ibuf_I_O)         1.475     1.475 f  RST_IBUF_inst/O
                         net (fo=3, routed)           2.544     4.019    dff2/RST_IBUF
    SLICE_X43Y46         FDCE                                         f  dff2/q_reg/CLR
  -------------------------------------------------------------------    -------------------

Slack:                    inf
  Source:                 dff2/q_reg/C
                            (rising edge-triggered cell FDCE)
  Destination:            dff2/q_reg/D
  Path Group:             (none)
  Path Type:              Max at Slow Process Corner
  Data Path Delay:        1.429ns  (logic 0.743ns (51.979%)  route 0.686ns (48.021%))
  Logic Levels:           2  (FDCE=1 LUT3=1)

    Location             Delay type                Incr(ns)  Path(ns)    Netlist Resource(s)
  -------------------------------------------------------------------    -------------------
    SLICE_X43Y46         FDCE                         0.000     0.000 r  dff2/q_reg/C
    SLICE_X43Y46         FDCE (Prop_fdce_C_Q)         0.419     0.419 r  dff2/q_reg/Q
                         net (fo=2, routed)           0.686     1.105    dff1/q_reg_0[1]
    SLICE_X43Y46         LUT3 (Prop_lut3_I2_O)        0.324     1.429 r  dff1/q_i_1__0/O
                         net (fo=1, routed)           0.000     1.429    dff2/n2
    SLICE_X43Y46         FDCE                                         r  dff2/q_reg/D
  -------------------------------------------------------------------    -------------------

Slack:                    inf
  Source:                 dff1/q_reg/C
                            (rising edge-triggered cell FDCE)
  Destination:            dff1/q_reg/D
  Path Group:             (none)
  Path Type:              Max at Slow Process Corner
  Data Path Delay:        1.247ns  (logic 0.580ns (46.500%)  route 0.667ns (53.500%))
  Logic Levels:           2  (FDCE=1 LUT2=1)

    Location             Delay type                Incr(ns)  Path(ns)    Netlist Resource(s)
  -------------------------------------------------------------------    -------------------
    SLICE_X43Y46         FDCE                         0.000     0.000 r  dff1/q_reg/C
    SLICE_X43Y46         FDCE (Prop_fdce_C_Q)         0.456     0.456 r  dff1/q_reg/Q
                         net (fo=3, routed)           0.667     1.123    dff1/Q_OBUF[0]
    SLICE_X43Y46         LUT2 (Prop_lut2_I0_O)        0.124     1.247 r  dff1/q_i_1/O
                         net (fo=1, routed)           0.000     1.247    dff1/n1
    SLICE_X43Y46         FDCE                                         r  dff1/q_reg/D
  -------------------------------------------------------------------    -------------------

Slack:                    inf
  Source:                 dff0/q_reg/C
                            (rising edge-triggered cell FDCE)
  Destination:            dff0/q_reg/D
  Path Group:             (none)
  Path Type:              Max at Slow Process Corner
  Data Path Delay:        1.099ns  (logic 0.580ns (52.796%)  route 0.519ns (47.204%))
  Logic Levels:           2  (FDCE=1 LUT1=1)

    Location             Delay type                Incr(ns)  Path(ns)    Netlist Resource(s)
  -------------------------------------------------------------------    -------------------
    SLICE_X43Y46         FDCE                         0.000     0.000 r  dff0/q_reg/C
    SLICE_X43Y46         FDCE (Prop_fdce_C_Q)         0.456     0.456 f  dff0/q_reg/Q
                         net (fo=4, routed)           0.519     0.975    dff0/Q_OBUF[0]
    SLICE_X43Y46         LUT1 (Prop_lut1_I0_O)        0.124     1.099 r  dff0/q_i_1__1/O
                         net (fo=1, routed)           0.000     1.099    dff0/d0
    SLICE_X43Y46         FDCE                                         r  dff0/q_reg/D
  -------------------------------------------------------------------    -------------------





Min Delay Paths
--------------------------------------------------------------------------------------
Slack:                    inf
  Source:                 dff0/q_reg/C
                            (rising edge-triggered cell FDCE)
  Destination:            dff0/q_reg/D
  Path Group:             (none)
  Path Type:              Min at Fast Process Corner
  Data Path Delay:        0.368ns  (logic 0.186ns (50.602%)  route 0.182ns (49.398%))
  Logic Levels:           2  (FDCE=1 LUT1=1)

    Location             Delay type                Incr(ns)  Path(ns)    Netlist Resource(s)
  -------------------------------------------------------------------    -------------------
    SLICE_X43Y46         FDCE                         0.000     0.000 r  dff0/q_reg/C
    SLICE_X43Y46         FDCE (Prop_fdce_C_Q)         0.141     0.141 f  dff0/q_reg/Q
                         net (fo=4, routed)           0.182     0.323    dff0/Q_OBUF[0]
    SLICE_X43Y46         LUT1 (Prop_lut1_I0_O)        0.045     0.368 r  dff0/q_i_1__1/O
                         net (fo=1, routed)           0.000     0.368    dff0/d0
    SLICE_X43Y46         FDCE                                         r  dff0/q_reg/D
  -------------------------------------------------------------------    -------------------

Slack:                    inf
  Source:                 dff0/q_reg/C
                            (rising edge-triggered cell FDCE)
  Destination:            dff2/q_reg/D
  Path Group:             (none)
  Path Type:              Min at Fast Process Corner
  Data Path Delay:        0.368ns  (logic 0.184ns (50.058%)  route 0.184ns (49.942%))
  Logic Levels:           2  (FDCE=1 LUT3=1)

    Location             Delay type                Incr(ns)  Path(ns)    Netlist Resource(s)
  -------------------------------------------------------------------    -------------------
    SLICE_X43Y46         FDCE                         0.000     0.000 r  dff0/q_reg/C
    SLICE_X43Y46         FDCE (Prop_fdce_C_Q)         0.141     0.141 r  dff0/q_reg/Q
                         net (fo=4, routed)           0.184     0.325    dff1/q_reg_0[0]
    SLICE_X43Y46         LUT3 (Prop_lut3_I1_O)        0.043     0.368 r  dff1/q_i_1__0/O
                         net (fo=1, routed)           0.000     0.368    dff2/n2
    SLICE_X43Y46         FDCE                                         r  dff2/q_reg/D
  -------------------------------------------------------------------    -------------------

Slack:                    inf
  Source:                 dff0/q_reg/C
                            (rising edge-triggered cell FDCE)
  Destination:            dff1/q_reg/D
  Path Group:             (none)
  Path Type:              Min at Fast Process Corner
  Data Path Delay:        0.370ns  (logic 0.186ns (50.328%)  route 0.184ns (49.672%))
  Logic Levels:           2  (FDCE=1 LUT2=1)

    Location             Delay type                Incr(ns)  Path(ns)    Netlist Resource(s)
  -------------------------------------------------------------------    -------------------
    SLICE_X43Y46         FDCE                         0.000     0.000 r  dff0/q_reg/C
    SLICE_X43Y46         FDCE (Prop_fdce_C_Q)         0.141     0.141 r  dff0/q_reg/Q
                         net (fo=4, routed)           0.184     0.325    dff1/q_reg_0[0]
    SLICE_X43Y46         LUT2 (Prop_lut2_I1_O)        0.045     0.370 r  dff1/q_i_1/O
                         net (fo=1, routed)           0.000     0.370    dff1/n1
    SLICE_X43Y46         FDCE                                         r  dff1/q_reg/D
  -------------------------------------------------------------------    -------------------

Slack:                    inf
  Source:                 RST
                            (input port)
  Destination:            dff0/q_reg/CLR
  Path Group:             (none)
  Path Type:              Min at Fast Process Corner
  Data Path Delay:        1.298ns  (logic 0.243ns (18.718%)  route 1.055ns (81.282%))
  Logic Levels:           1  (IBUF=1)

    Location             Delay type                Incr(ns)  Path(ns)    Netlist Resource(s)
  -------------------------------------------------------------------    -------------------
    D20                                               0.000     0.000 f  RST (IN)
                         net (fo=0)                   0.000     0.000    RST
    D20                  IBUF (Prop_ibuf_I_O)         0.243     0.243 f  RST_IBUF_inst/O
                         net (fo=3, routed)           1.055     1.298    dff0/RST_IBUF
    SLICE_X43Y46         FDCE                                         f  dff0/q_reg/CLR
  -------------------------------------------------------------------    -------------------

Slack:                    inf
  Source:                 RST
                            (input port)
  Destination:            dff1/q_reg/CLR
  Path Group:             (none)
  Path Type:              Min at Fast Process Corner
  Data Path Delay:        1.298ns  (logic 0.243ns (18.718%)  route 1.055ns (81.282%))
  Logic Levels:           1  (IBUF=1)

    Location             Delay type                Incr(ns)  Path(ns)    Netlist Resource(s)
  -------------------------------------------------------------------    -------------------
    D20                                               0.000     0.000 f  RST (IN)
                         net (fo=0)                   0.000     0.000    RST
    D20                  IBUF (Prop_ibuf_I_O)         0.243     0.243 f  RST_IBUF_inst/O
                         net (fo=3, routed)           1.055     1.298    dff1/RST_IBUF
    SLICE_X43Y46         FDCE                                         f  dff1/q_reg/CLR
  -------------------------------------------------------------------    -------------------

Slack:                    inf
  Source:                 RST
                            (input port)
  Destination:            dff2/q_reg/CLR
  Path Group:             (none)
  Path Type:              Min at Fast Process Corner
  Data Path Delay:        1.298ns  (logic 0.243ns (18.718%)  route 1.055ns (81.282%))
  Logic Levels:           1  (IBUF=1)

    Location             Delay type                Incr(ns)  Path(ns)    Netlist Resource(s)
  -------------------------------------------------------------------    -------------------
    D20                                               0.000     0.000 f  RST (IN)
                         net (fo=0)                   0.000     0.000    RST
    D20                  IBUF (Prop_ibuf_I_O)         0.243     0.243 f  RST_IBUF_inst/O
                         net (fo=3, routed)           1.055     1.298    dff2/RST_IBUF
    SLICE_X43Y46         FDCE                                         f  dff2/q_reg/CLR
  -------------------------------------------------------------------    -------------------

Slack:                    inf
  Source:                 dff2/q_reg/C
                            (rising edge-triggered cell FDCE)
  Destination:            Q[2]
                            (output port)
  Path Group:             (none)
  Path Type:              Min at Fast Process Corner
  Data Path Delay:        1.906ns  (logic 1.501ns (78.752%)  route 0.405ns (21.248%))
  Logic Levels:           2  (FDCE=1 OBUF=1)

    Location             Delay type                Incr(ns)  Path(ns)    Netlist Resource(s)
  -------------------------------------------------------------------    -------------------
    SLICE_X43Y46         FDCE                         0.000     0.000 r  dff2/q_reg/C
    SLICE_X43Y46         FDCE (Prop_fdce_C_Q)         0.128     0.128 r  dff2/q_reg/Q
                         net (fo=2, routed)           0.405     0.533    Q_OBUF[2]
    T11                  OBUF (Prop_obuf_I_O)         1.373     1.906 r  Q_OBUF[2]_inst/O
                         net (fo=0)                   0.000     1.906    Q[2]
    T11                                                               r  Q[2] (OUT)
  -------------------------------------------------------------------    -------------------

Slack:                    inf
  Source:                 dff1/q_reg/C
                            (rising edge-triggered cell FDCE)
  Destination:            Q[1]
                            (output port)
  Path Group:             (none)
  Path Type:              Min at Fast Process Corner
  Data Path Delay:        1.999ns  (logic 1.481ns (74.093%)  route 0.518ns (25.907%))
  Logic Levels:           2  (FDCE=1 OBUF=1)

    Location             Delay type                Incr(ns)  Path(ns)    Netlist Resource(s)
  -------------------------------------------------------------------    -------------------
    SLICE_X43Y46         FDCE                         0.000     0.000 r  dff1/q_reg/C
    SLICE_X43Y46         FDCE (Prop_fdce_C_Q)         0.141     0.141 r  dff1/q_reg/Q
                         net (fo=3, routed)           0.518     0.659    Q_OBUF[1]
    Y14                  OBUF (Prop_obuf_I_O)         1.340     1.999 r  Q_OBUF[1]_inst/O
                         net (fo=0)                   0.000     1.999    Q[1]
    Y14                                                               r  Q[1] (OUT)
  -------------------------------------------------------------------    -------------------

Slack:                    inf
  Source:                 dff0/q_reg/C
                            (rising edge-triggered cell FDCE)
  Destination:            Q[0]
                            (output port)
  Path Group:             (none)
  Path Type:              Min at Fast Process Corner
  Data Path Delay:        2.005ns  (logic 1.478ns (73.753%)  route 0.526ns (26.247%))
  Logic Levels:           2  (FDCE=1 OBUF=1)

    Location             Delay type                Incr(ns)  Path(ns)    Netlist Resource(s)
  -------------------------------------------------------------------    -------------------
    SLICE_X43Y46         FDCE                         0.000     0.000 r  dff0/q_reg/C
    SLICE_X43Y46         FDCE (Prop_fdce_C_Q)         0.141     0.141 r  dff0/q_reg/Q
                         net (fo=4, routed)           0.526     0.667    Q_OBUF[0]
    W14                  OBUF (Prop_obuf_I_O)         1.337     2.005 r  Q_OBUF[0]_inst/O
                         net (fo=0)                   0.000     2.005    Q[0]
    W14                                                               r  Q[0] (OUT)
  -------------------------------------------------------------------    -------------------





